alsa-utils
archlinux-menus
archlinux-themes-slim
autoconf
automake
binutils
bison
dbus
fakeroot
firefox
flex
gcc
gimp
git
gmrun
gnome-icon-theme
gtk-aurora-engine
htop
leafpad
libtool
lxappearance
m4
make
nitrogen
notification-daemon
obconf
oblogout
obmenu
openbox
openbox-themes
openssh
patch
pkg-config
python2-xdg
reflector
roxterm
seamonkey
slim
slim-themes
spacefm
strace
sudo
syslinux
thunar
thunar-volman
ttf-dejavu
virtualbox-archlinux-additions
virtualbox-archlinux-modules
volumeicon
wmctrl
xdotool
xf86-video-ati
xf86-video-vesa
xorg-server
xorg-server-utils
xorg-twm
xorg-utils
xorg-xclock
xorg-xinit
xterm
xxkb
